0 verbose cli /usr/bin/node /usr/bin/npm
1 info using npm@11.11.1
2 info using node@v25.8.1
3 silly config load:file:/usr/lib/node_modules/npm/npmrc
4 silly config load:file:/home/swsh/.pilot_ai/projects/***/repo/.npmrc
5 silly config load:file:/etc/npmrc
6 verbose title npm run dev
7 verbose argv "run" "dev"
8 verbose logfile logs-max:10 dir:/home/swsh/.pilot_ai/projects/***/repo/.npm/_logs/2026-03-24T21_35_28_896Z-
9 verbose logfile /home/swsh/.pilot_ai/projects/***/repo/.npm/_logs/2026-03-24T21_35_28_896Z-debug-0.log
10 silly logfile done cleaning log files
11 verbose stack JSONParseError: Invalid package.json: JSONParseError: Unexpected token "c" (0x63), "cat package.json" is not valid JSON while parsing 'cat package.json'
11 verbose stack     at parse (/usr/lib/node_modules/npm/node_modules/@npmcli/package-json/lib/read-package.js:19:21)
11 verbose stack     at PackageJson.fromJSON (/usr/lib/node_modules/npm/node_modules/@npmcli/package-json/lib/index.js:162:22)
11 verbose stack     at PackageJson.load (/usr/lib/node_modules/npm/node_modules/@npmcli/package-json/lib/index.js:157:17)
11 verbose stack     at async PackageJson.normalize (/usr/lib/node_modules/npm/node_modules/@npmcli/package-json/lib/index.js:117:5)
11 verbose stack     at async #run (/usr/lib/node_modules/npm/lib/commands/run.js:90:13)
11 verbose stack     at async RunScript.exec (/usr/lib/node_modules/npm/lib/commands/run.js:44:7)
11 verbose stack     at async Npm.exec (/usr/lib/node_modules/npm/lib/npm.js:193:9)
11 verbose stack     at async module.exports (/usr/lib/node_modules/npm/lib/cli/entry.js:67:5)
12 error code EJSONPARSE
13 error JSON.parse Invalid package.json: JSONParseError: Unexpected token "c" (0x63), "cat package.json" is not valid JSON while parsing 'cat package.json'
14 error JSON.parse Failed to parse JSON data.
14 error JSON.parse Note: package.json must be actual JSON, not just JavaScript.
15 verbose cwd /home/swsh/.pilot_ai/projects/***/repo
16 verbose os Linux 6.19.8-1-cachyos-bore
17 verbose node v25.8.1
18 verbose npm  v11.11.1
19 verbose exit 1
20 verbose code 1
21 error A complete log of this run can be found in: /home/swsh/.pilot_ai/projects/***/repo/.npm/_logs/2026-03-24T21_35_28_896Z-debug-0.log
