0 verbose cli /usr/bin/node /usr/bin/npm
1 info using npm@11.11.1
2 info using node@v25.8.1
3 silly config load:file:/usr/lib/node_modules/npm/npmrc
4 silly config load:file:/home/swsh/.pilot_ai/projects/***/repo/.npmrc
5 silly config load:file:/etc/npmrc
6 verbose title npm run dev
7 verbose argv "run" "dev"
8 verbose logfile logs-max:10 dir:/home/swsh/.pilot_ai/projects/***/repo/.npm/_logs/2026-03-24T02_47_53_170Z-
9 verbose logfile /home/swsh/.pilot_ai/projects/***/repo/.npm/_logs/2026-03-24T02_47_53_170Z-debug-0.log
10 silly logfile done cleaning log files
11 verbose stack Error: Missing script: "dev"
11 verbose stack
11 verbose stack To see a list of scripts, run:
11 verbose stack   npm run
11 verbose stack     at #run (/usr/lib/node_modules/npm/lib/commands/run.js:115:13)
11 verbose stack     at async RunScript.exec (/usr/lib/node_modules/npm/lib/commands/run.js:44:7)
11 verbose stack     at async Npm.exec (/usr/lib/node_modules/npm/lib/npm.js:193:9)
11 verbose stack     at async module.exports (/usr/lib/node_modules/npm/lib/cli/entry.js:67:5)
12 error Missing script: "dev"
12 error
12 error To see a list of scripts, run:
12 error   npm run
13 verbose cwd /home/swsh/.pilot_ai/projects/***/repo
14 verbose os Linux 6.19.8-1-cachyos-bore
15 verbose node v25.8.1
16 verbose npm  v11.11.1
17 verbose exit 1
18 verbose code 1
19 error A complete log of this run can be found in: /home/swsh/.pilot_ai/projects/***/repo/.npm/_logs/2026-03-24T02_47_53_170Z-debug-0.log
